[root@ip-172-31-43-176 ~]# pytest test_assignment.py
======================================================= test session starts =======================================================
platform linux -- Python 3.12.2, pytest-8.2.1, pluggy-1.5.0
rootdir: /root
collected 4 items

test_assignment.py ....                                                                                                     [100%]

======================================================== 4 passed in 0.01s ========================================================